2011-05-10 13:47:48 Notice: Notice (1024): Please change the value of 'Security.salt' in app/config/core.php to a salt value specific to your application in [/home/kurtis/server/marketplace/cake/libs/debugger.php, line 684]
2011-05-10 13:47:48 Notice: Notice (1024): Please change the value of 'Security.cipherSeed' in app/config/core.php to a numeric (digits only) seed value specific to your application in [/home/kurtis/server/marketplace/cake/libs/debugger.php, line 688]
2011-05-10 13:55:10 Notice: Notice (1024): Please change the value of 'Security.salt' in app/config/core.php to a salt value specific to your application in [/home/kurtis/server/marketplace/cake/libs/debugger.php, line 684]
2011-05-10 13:55:10 Notice: Notice (1024): Please change the value of 'Security.cipherSeed' in app/config/core.php to a numeric (digits only) seed value specific to your application in [/home/kurtis/server/marketplace/cake/libs/debugger.php, line 688]
2011-05-10 13:55:11 Notice: Notice (1024): Please change the value of 'Security.salt' in app/config/core.php to a salt value specific to your application in [/home/kurtis/server/marketplace/cake/libs/debugger.php, line 684]
2011-05-10 13:55:11 Notice: Notice (1024): Please change the value of 'Security.cipherSeed' in app/config/core.php to a numeric (digits only) seed value specific to your application in [/home/kurtis/server/marketplace/cake/libs/debugger.php, line 688]
2011-05-10 13:55:11 Notice: Notice (1024): Please change the value of 'Security.salt' in app/config/core.php to a salt value specific to your application in [/home/kurtis/server/marketplace/cake/libs/debugger.php, line 684]
2011-05-10 13:55:11 Notice: Notice (1024): Please change the value of 'Security.cipherSeed' in app/config/core.php to a numeric (digits only) seed value specific to your application in [/home/kurtis/server/marketplace/cake/libs/debugger.php, line 688]
2011-05-10 14:22:30 Notice: Notice (8): Undefined index: user in [/home/kurtis/server/marketplace/app/controllers/users_controller.php, line 32]
2011-05-10 15:27:11 Notice: Notice (8): Undefined index: categories in [/home/kurtis/server/marketplace/app/controllers/listings_controller.php, line 82]
2011-05-10 15:27:33 Notice: Notice (8): Undefined index: categories in [/home/kurtis/server/marketplace/app/controllers/listings_controller.php, line 83]
2011-05-10 15:52:06 Notice: Notice (8): Undefined variable: id in [/home/kurtis/server/marketplace/app/controllers/listings_controller.php, line 26]
2011-05-10 15:56:23 Notice: Notice (8): Undefined variable: catName in [/home/kurtis/server/marketplace/app/views/listings/add.ctp, line 7]
2011-05-10 15:56:23 Notice: Notice (8): Undefined variable: cat in [/home/kurtis/server/marketplace/app/views/listings/add.ctp, line 13]
2011-05-10 15:57:20 Notice: Notice (8): Undefined variable: catName in [/home/kurtis/server/marketplace/app/views/listings/add.ctp, line 7]
2011-05-10 15:57:20 Notice: Notice (8): Undefined variable: cat in [/home/kurtis/server/marketplace/app/views/listings/add.ctp, line 13]
2011-05-10 15:58:43 Notice: Notice (8): Undefined index: listing in [/home/kurtis/server/marketplace/app/controllers/listings_controller.php, line 27]
2011-05-10 15:58:43 Notice: Notice (8): Undefined variable: catName in [/home/kurtis/server/marketplace/app/views/listings/add.ctp, line 7]
2011-05-10 15:58:43 Notice: Notice (8): Undefined variable: cat in [/home/kurtis/server/marketplace/app/views/listings/add.ctp, line 13]
2011-05-10 15:59:03 Notice: Notice (8): Undefined index: listing in [/home/kurtis/server/marketplace/app/controllers/listings_controller.php, line 27]
2011-05-10 15:59:03 Notice: Notice (8): Undefined variable: catName in [/home/kurtis/server/marketplace/app/views/listings/add.ctp, line 7]
2011-05-10 15:59:03 Notice: Notice (8): Undefined variable: cat in [/home/kurtis/server/marketplace/app/views/listings/add.ctp, line 13]
2011-05-10 16:07:40 Notice: Notice (8): Undefined variable: catName in [/home/kurtis/server/marketplace/app/views/listings/add.ctp, line 7]
2011-05-10 16:07:40 Notice: Notice (8): Undefined variable: cat in [/home/kurtis/server/marketplace/app/views/listings/add.ctp, line 13]
2011-05-10 16:12:26 Notice: Notice (8): Undefined variable: catName in [/home/kurtis/server/marketplace/app/views/listings/get_cat.ctp, line 7]
2011-05-10 16:12:26 Notice: Notice (8): Undefined variable: cat in [/home/kurtis/server/marketplace/app/views/listings/get_cat.ctp, line 13]
2011-05-10 16:39:08 Notice: Notice (8): Undefined variable: list in [/home/kurtis/server/marketplace/app/views/listings/get_cat.ctp, line 10]
2011-05-10 16:59:23 Notice: Notice (8): Undefined variable: root in [/home/kurtis/server/marketplace/app/views/listings/get_cat.ctp, line 8]
2011-05-10 16:59:23 Notice: Notice (8): Undefined variable: catList in [/home/kurtis/server/marketplace/app/views/listings/get_cat.ctp, line 17]
2011-05-10 16:59:23 Notice: Notice (8): Undefined variable: cat in [/home/kurtis/server/marketplace/app/views/listings/get_cat.ctp, line 25]
2011-05-11 16:10:10 Notice: Notice (8): session_start() [http://php.net/function.session-start]: ps_files_cleanup_dir: opendir(/var/lib/php5) failed: Permission denied (13) in [/home/kurtis/server/marketplace/cake/libs/cake_session.php, line 587]
2011-05-12 10:56:54 Notice: Notice (8): Undefined property: View::$form in [/home/kurtis/server/marketplace/app/views/listings/index.ctp, line 3]
2011-05-12 12:46:54 Notice: Notice (8): Undefined index: root_id in [/home/kurtis/server/marketplace/app/views/categories/index.ctp, line 20]
2011-05-12 13:07:12 Notice: Notice (8): Undefined variable: roots in [/home/kurtis/server/marketplace/app/views/categories/add.ctp, line 8]
2011-05-12 13:09:50 Notice: Notice (8): Undefined property: CategoriesController::$Node in [/home/kurtis/server/marketplace/app/controllers/categories_controller.php, line 43]
2011-05-12 13:17:16 Notice: Notice (8): Undefined property: CategoriesController::$category in [/home/kurtis/server/marketplace/app/controllers/categories_controller.php, line 16]
2011-05-12 13:53:06 Notice: Notice (8): Undefined property: View::$Paginator in [/home/kurtis/server/marketplace/app/views/categories/index.ctp, line 5]
2011-05-12 14:15:14 Notice: Notice (8): Undefined property: View::$Paginator in [/home/kurtis/server/marketplace/app/views/categories/index.ctp, line 32]
2011-05-12 14:15:44 Notice: Notice (8): Undefined property: View::$Paginator in [/home/kurtis/server/marketplace/app/views/categories/index.ctp, line 38]
2011-05-12 14:17:49 Notice: Notice (8): Undefined index: root_id in [/home/kurtis/server/marketplace/app/controllers/listings_controller.php, line 130]
2011-05-12 14:17:49 Notice: Notice (8): Undefined index: root_id in [/home/kurtis/server/marketplace/app/controllers/listings_controller.php, line 130]
2011-05-12 14:18:22 Notice: Notice (8): Undefined offset: 0 in [/home/kurtis/server/marketplace/app/controllers/listings_controller.php, line 128]
2011-05-12 14:19:20 Notice: Notice (8): Undefined offset: 0 in [/home/kurtis/server/marketplace/app/controllers/listings_controller.php, line 128]
2011-05-12 14:23:43 Notice: Notice (8): Undefined index: root_id in [/home/kurtis/server/marketplace/app/views/listings/get_cat.ctp, line 13]
2011-05-12 14:24:06 Notice: Notice (8): Undefined index: root_id in [/home/kurtis/server/marketplace/app/views/listings/get_cat.ctp, line 13]
2011-05-17 08:44:32 Notice: Notice (8): Undefined property: MessagesController::$date in [/home/kurtis/server/marketplace/app/controllers/messages_controller.php, line 21]
2011-05-17 08:44:54 Notice: Notice (8): Undefined property: MessagesController::$date in [/home/kurtis/server/marketplace/app/controllers/messages_controller.php, line 21]
2011-05-17 08:44:54 Notice: Notice (8): Undefined variable: to_id in [/home/kurtis/server/marketplace/app/views/messages/add.ctp, line 6]
2011-05-17 08:44:54 Notice: Notice (8): Undefined variable: uid in [/home/kurtis/server/marketplace/app/views/messages/add.ctp, line 7]
2011-05-17 08:45:08 Notice: Notice (8): Undefined variable: to_id in [/home/kurtis/server/marketplace/app/views/messages/add.ctp, line 6]
2011-05-17 08:45:08 Notice: Notice (8): Undefined variable: uid in [/home/kurtis/server/marketplace/app/views/messages/add.ctp, line 7]
2011-05-17 08:47:21 Notice: Notice (8): Undefined variable: message in [/home/kurtis/server/marketplace/app/views/messages/index.ctp, line 11]
2011-05-17 09:06:17 Notice: Notice (8): Undefined variable: from in [/home/kurtis/server/marketplace/app/views/messages/add.ctp, line 6]
2011-05-17 09:12:58 Notice: Notice (8): Undefined property: MessagesController::$User in [/home/kurtis/server/marketplace/app/controllers/messages_controller.php, line 38]
2011-05-17 09:13:21 Notice: Notice (8): Undefined property: MessagesController::$Users in [/home/kurtis/server/marketplace/app/controllers/messages_controller.php, line 38]
2011-05-17 09:13:38 Notice: Notice (8): Undefined property: Message::$Users in [/home/kurtis/server/marketplace/app/controllers/messages_controller.php, line 38]
2011-05-17 09:20:33 Notice: Notice (8): Undefined index: user in [/home/kurtis/server/marketplace/app/views/messages/add.ctp, line 6]
2011-05-17 13:16:24 Notice: Notice (8): Undefined variable: id in [/home/kurtis/server/marketplace/app/controllers/messages_controller.php, line 17]
