2011-05-10 15:52:06 Warning: Warning (2): Missing argument 1 for ListingsController::add() in [/home/kurtis/server/marketplace/app/controllers/listings_controller.php, line 25]
2011-05-10 16:27:52 Warning: Warning (512): <span style="color:Red;text-align:left"><b>SQL Error:</b> 1064: You have an error in your SQL syntax; check the manual that corresponds to your MySQL server version for the right syntax to use near '' at line 1</span> in [/home/kurtis/server/marketplace/cake/libs/model/datasources/dbo_source.php, line 684]
2011-05-10 16:59:23 Warning: Warning (2): Invalid argument supplied for foreach() in [/home/kurtis/server/marketplace/app/views/listings/get_cat.ctp, line 17]
2011-05-11 16:12:54 Warning: Warning (512): <span style="color:Red;text-align:left"><b>SQL Error:</b> 1054: Unknown column 'Array' in 'where clause'</span> in [/home/kurtis/server/marketplace/cake/libs/model/datasources/dbo_source.php, line 684]
2011-05-11 16:13:48 Warning: Warning (512): <span style="color:Red;text-align:left"><b>SQL Error:</b> 1054: Unknown column 'Array' in 'where clause'</span> in [/home/kurtis/server/marketplace/cake/libs/model/datasources/dbo_source.php, line 684]
2011-05-11 16:26:33 Warning: Warning (512): <span style="color:Red;text-align:left"><b>SQL Error:</b> 1052: Column 'created' in order clause is ambiguous</span> in [/home/kurtis/server/marketplace/cake/libs/model/datasources/dbo_source.php, line 684]
2011-05-11 16:26:33 Warning: Warning (2): Invalid argument supplied for foreach() in [/home/kurtis/server/marketplace/app/views/listings/index.ctp, line 18]
2011-05-12 11:17:18 Warning: Warning (512): <span style="color:Red;text-align:left"><b>SQL Error:</b> 1054: Unknown column 'mustang' in 'where clause'</span> in [/home/kurtis/server/marketplace/cake/libs/model/datasources/dbo_source.php, line 684]
2011-05-12 11:17:18 Warning: Warning (2): Invalid argument supplied for foreach() in [/home/kurtis/server/marketplace/app/views/listings/index.ctp, line 20]
2011-05-12 13:18:47 Warning: Warning (512): <span style="color:Red;text-align:left"><b>SQL Error:</b> 1064: You have an error in your SQL syntax; check the manual that corresponds to your MySQL server version for the right syntax to use near 'AND' at line 1</span> in [/home/kurtis/server/marketplace/cake/libs/model/datasources/dbo_source.php, line 684]
2011-05-12 13:27:34 Warning: Warning (512): <span style="color:Red;text-align:left"><b>SQL Error:</b> 1064: You have an error in your SQL syntax; check the manual that corresponds to your MySQL server version for the right syntax to use near 'AND' at line 1</span> in [/home/kurtis/server/marketplace/cake/libs/model/datasources/dbo_source.php, line 684]
2011-05-12 13:27:34 Warning: Warning (512): <span style="color:Red;text-align:left"><b>SQL Error:</b> 1064: You have an error in your SQL syntax; check the manual that corresponds to your MySQL server version for the right syntax to use near '' at line 1</span> in [/home/kurtis/server/marketplace/cake/libs/model/datasources/dbo_source.php, line 684]
2011-05-12 13:27:34 Warning: Warning (2): Cannot modify header information - headers already sent by (output started at /home/kurtis/server/marketplace/cake/libs/debugger.php:673) in [/home/kurtis/server/marketplace/cake/libs/controller/controller.php, line 742]
2011-05-12 13:28:08 Warning: Warning (512): <span style="color:Red;text-align:left"><b>SQL Error:</b> 1064: You have an error in your SQL syntax; check the manual that corresponds to your MySQL server version for the right syntax to use near '' at line 1</span> in [/home/kurtis/server/marketplace/cake/libs/model/datasources/dbo_source.php, line 684]
2011-05-12 13:30:27 Warning: Warning (512): <span style="color:Red;text-align:left"><b>SQL Error:</b> 1064: You have an error in your SQL syntax; check the manual that corresponds to your MySQL server version for the right syntax to use near 'AND 1' at line 1</span> in [/home/kurtis/server/marketplace/cake/libs/model/datasources/dbo_source.php, line 684]
2011-05-12 13:31:15 Warning: Warning (512): <span style="color:Red;text-align:left"><b>SQL Error:</b> 1064: You have an error in your SQL syntax; check the manual that corresponds to your MySQL server version for the right syntax to use near '' at line 1</span> in [/home/kurtis/server/marketplace/cake/libs/model/datasources/dbo_source.php, line 684]
2011-05-12 13:31:25 Warning: Warning (512): <span style="color:Red;text-align:left"><b>SQL Error:</b> 1064: You have an error in your SQL syntax; check the manual that corresponds to your MySQL server version for the right syntax to use near '' at line 1</span> in [/home/kurtis/server/marketplace/cake/libs/model/datasources/dbo_source.php, line 684]
2011-05-17 09:00:46 Warning: Warning (512): <span style="color:Red;text-align:left"><b>SQL Error:</b> 1054: Unknown column 'to_id' in 'where clause'</span> in [/home/kurtis/server/marketplace/cake/libs/model/datasources/dbo_source.php, line 684]
2011-05-17 09:00:46 Warning: Warning (2): Invalid argument supplied for foreach() in [/home/kurtis/server/marketplace/app/views/messages/index.ctp, line 12]
2011-05-17 13:15:35 Warning: Warning (512): <span style="color:Red;text-align:left"><b>SQL Error:</b> 1064: You have an error in your SQL syntax; check the manual that corresponds to your MySQL server version for the right syntax to use near 'read=now() where id=7 limit 1' at line 1</span> in [/home/kurtis/server/marketplace/cake/libs/model/datasources/dbo_source.php, line 684]
2011-05-17 13:15:35 Warning: Warning (512): <span style="color:Red;text-align:left"><b>SQL Error:</b> 1064: You have an error in your SQL syntax; check the manual that corresponds to your MySQL server version for the right syntax to use near 'read=now() where id=7 limit 1' at line 1</span> in [/home/kurtis/server/marketplace/cake/libs/model/datasources/dbo_source.php, line 684]
2011-05-17 13:16:31 Warning: Warning (512): <span style="color:Red;text-align:left"><b>SQL Error:</b> 1064: You have an error in your SQL syntax; check the manual that corresponds to your MySQL server version for the right syntax to use near 'read=now() where id=1 limit 1' at line 1</span> in [/home/kurtis/server/marketplace/cake/libs/model/datasources/dbo_source.php, line 684]
2011-05-17 13:17:08 Warning: Warning (512): <span style="color:Red;text-align:left"><b>SQL Error:</b> 1064: You have an error in your SQL syntax; check the manual that corresponds to your MySQL server version for the right syntax to use near 'read=now() where id=1 limit 1' at line 1</span> in [/home/kurtis/server/marketplace/cake/libs/model/datasources/dbo_source.php, line 684]
